<?xml version="1.0" encoding="UTF-8"?>
<!-- Generated by org.testng.reporters.JUnitReportReporter -->
<testsuite hostname="DESKTOP-0R377NE" failures="0" tests="1" name="org.pack.DemoRegistration" time="23.001" errors="0" timestamp="04 Sep 2020 00:46:56 GMT" skipped="0">
  <testcase classname="org.pack.DemoRegistration" name="tc1" time="23.001"/>
</testsuite> <!-- org.pack.DemoRegistration -->
